{"C:\\Users\\liamg\\OneDrive\\Desktop\\CSE 187\\Assignment 1\\Assignment1\\src\\app.ts": {"path":"C:\\Users\\liamg\\OneDrive\\Desktop\\CSE 187\\Assignment 1\\Assignment1\\src\\app.ts","statementMap":{"0":{"start":{"line":17,"column":0},"end":{"line":17,"column":null}},"1":{"start":{"line":24,"column":0},"end":{"line":24,"column":24}},"2":{"start":{"line":25,"column":0},"end":{"line":25,"column":43}},"3":{"start":{"line":27,"column":0},"end":{"line":27,"column":47}},"4":{"start":{"line":29,"column":21},"end":{"line":29,"column":30}},"5":{"start":{"line":30,"column":0},"end":{"line":30,"column":16}},"6":{"start":{"line":31,"column":0},"end":{"line":31,"column":24}},"7":{"start":{"line":32,"column":0},"end":{"line":32,"column":47}},"8":{"start":{"line":34,"column":0},"end":{"line":38,"column":3}},"9":{"start":{"line":35,"column":2},"end":{"line":37,"column":4}},"10":{"start":{"line":36,"column":27},"end":{"line":36,"column":64}},"11":{"start":{"line":40,"column":15},"end":{"line":40,"column":23}},"12":{"start":{"line":41,"column":0},"end":{"line":41,"column":23}},"13":{"start":{"line":42,"column":0},"end":{"line":42,"column":27}},"14":{"start":{"line":44,"column":42},"end":{"line":50,"column":1}},"15":{"start":{"line":45,"column":2},"end":{"line":49,"column":5}},"16":{"start":{"line":51,"column":0},"end":{"line":51,"column":22}},"17":{"start":{"line":53,"column":0},"end":{"line":53,"column":19}}},"fnMap":{"0":{"name":"(anonymous_7)","decl":{"start":{"line":34,"column":41},"end":{"line":34,"column":46}},"loc":{"start":{"line":34,"column":84},"end":{"line":38,"column":1}}},"1":{"name":"(anonymous_8)","decl":{"start":{"line":36,"column":27},"end":{"line":36,"column":40}},"loc":{"start":{"line":36,"column":27},"end":{"line":36,"column":64}}},"2":{"name":"(anonymous_9)","decl":{"start":{"line":44,"column":42},"end":{"line":44,"column":43}},"loc":{"start":{"line":44,"column":68},"end":{"line":50,"column":1}}}},"branchMap":{},"s":{"0":1,"1":1,"2":1,"3":1,"4":1,"5":1,"6":1,"7":1,"8":1,"9":0,"10":0,"11":1,"12":1,"13":1,"14":1,"15":0,"16":1,"17":1},"f":{"0":0,"1":0,"2":0},"b":{}}
,"C:\\Users\\liamg\\OneDrive\\Desktop\\CSE 187\\Assignment 1\\Assignment1\\src\\db.ts": {"path":"C:\\Users\\liamg\\OneDrive\\Desktop\\CSE 187\\Assignment 1\\Assignment1\\src\\db.ts","statementMap":{"0":{"start":{"line":17,"column":0},"end":{"line":17,"column":24}},"1":{"start":{"line":19,"column":13},"end":{"line":25,"column":2}},"2":{"start":{"line":27,"column":8},"end":{"line":27,"column":12}}},"fnMap":{},"branchMap":{},"s":{"0":1,"1":1,"2":1},"f":{},"b":{}}
,"C:\\Users\\liamg\\OneDrive\\Desktop\\CSE 187\\Assignment 1\\Assignment1\\src\\auth\\authController.ts": {"path":"C:\\Users\\liamg\\OneDrive\\Desktop\\CSE 187\\Assignment 1\\Assignment1\\src\\auth\\authController.ts","statementMap":{"0":{"start":{"line":12,"column":0},"end":{"line":12,"column":null}},"1":{"start":{"line":21,"column":2},"end":{"line":21,"column":44}},"2":{"start":{"line":24,"column":9},"end":{"line":38,"column":null}},"3":{"start":{"line":30,"column":6},"end":{"line":36,"column":11}},"4":{"start":{"line":32,"column":10},"end":{"line":34,"column":11}},"5":{"start":{"line":33,"column":12},"end":{"line":33,"column":32}},"6":{"start":{"line":35,"column":10},"end":{"line":35,"column":22}},"7":{"start":{"line":24,"column":15},"end":{"line":24,"column":29}},"8":{"start":{"line":27,"column":17},"end":{"line":37,"column":null}},"9":{"start":{"line":24,"column":15},"end":{"line":38,"column":null}}},"fnMap":{"0":{"name":"(anonymous_4)","decl":{"start":{"line":27,"column":11},"end":{"line":27,"column":16}},"loc":{"start":{"line":28,"column":38},"end":{"line":37,"column":5}}},"1":{"name":"(anonymous_5)","decl":{"start":{"line":31,"column":14},"end":{"line":31,"column":19}},"loc":{"start":{"line":31,"column":88},"end":{"line":36,"column":9}}}},"branchMap":{"0":{"loc":{"start":{"line":32,"column":10},"end":{"line":34,"column":11}},"type":"if","locations":[{"start":{"line":32,"column":10},"end":{"line":34,"column":11}}]}},"s":{"0":1,"1":1,"2":1,"3":14,"4":14,"5":0,"6":14,"7":1,"8":1,"9":1},"f":{"0":14,"1":14},"b":{"0":[0]}}
,"C:\\Users\\liamg\\OneDrive\\Desktop\\CSE 187\\Assignment 1\\Assignment1\\src\\auth\\authService.ts": {"path":"C:\\Users\\liamg\\OneDrive\\Desktop\\CSE 187\\Assignment 1\\Assignment1\\src\\auth\\authService.ts","statementMap":{"0":{"start":{"line":12,"column":0},"end":{"line":12,"column":36}},"1":{"start":{"line":17,"column":0},"end":{"line":17,"column":29}},"2":{"start":{"line":22,"column":8},"end":{"line":25,"column":48}},"3":{"start":{"line":26,"column":22},"end":{"line":29,"column":10}},"4":{"start":{"line":30,"column":25},"end":{"line":30,"column":48}},"5":{"start":{"line":31,"column":8},"end":{"line":41,"column":9}},"6":{"start":{"line":32,"column":25},"end":{"line":32,"column":37}},"7":{"start":{"line":33,"column":12},"end":{"line":33,"column":null}},"8":{"start":{"line":34,"column":32},"end":{"line":39,"column":18}},"9":{"start":{"line":40,"column":12},"end":{"line":40,"column":65}},"10":{"start":{"line":42,"column":8},"end":{"line":42,"column":25}},"11":{"start":{"line":46,"column":4},"end":{"line":46,"column":null}},"12":{"start":{"line":47,"column":4},"end":{"line":47,"column":null}},"13":{"start":{"line":48,"column":4},"end":{"line":74,"column":7}},"14":{"start":{"line":49,"column":6},"end":{"line":73,"column":7}},"15":{"start":{"line":50,"column":8},"end":{"line":50,"column":42}},"16":{"start":{"line":53,"column":22},"end":{"line":53,"column":46}},"17":{"start":{"line":54,"column":8},"end":{"line":72,"column":13}},"18":{"start":{"line":58,"column":25},"end":{"line":58,"column":40}},"19":{"start":{"line":59,"column":12},"end":{"line":67,"column":13}},"20":{"start":{"line":60,"column":14},"end":{"line":60,"column":26}},"21":{"start":{"line":61,"column":19},"end":{"line":67,"column":13}},"22":{"start":{"line":62,"column":14},"end":{"line":66,"column":15}},"23":{"start":{"line":63,"column":16},"end":{"line":65,"column":17}},"24":{"start":{"line":64,"column":18},"end":{"line":64,"column":52}},"25":{"start":{"line":68,"column":12},"end":{"line":68,"column":null}},"26":{"start":{"line":69,"column":12},"end":{"line":69,"column":null}},"27":{"start":{"line":70,"column":12},"end":{"line":70,"column":null}},"28":{"start":{"line":71,"column":12},"end":{"line":71,"column":58}},"29":{"start":{"line":19,"column":0},"end":{"line":19,"column":13}}},"fnMap":{"0":{"name":"(anonymous_6)","decl":{"start":{"line":20,"column":11},"end":{"line":20,"column":16}},"loc":{"start":{"line":20,"column":47},"end":{"line":43,"column":5}}},"1":{"name":"(anonymous_7)","decl":{"start":{"line":45,"column":9},"end":{"line":45,"column":14}},"loc":{"start":{"line":45,"column":59},"end":{"line":75,"column":3}}},"2":{"name":"(anonymous_8)","decl":{"start":{"line":48,"column":23},"end":{"line":48,"column":24}},"loc":{"start":{"line":48,"column":43},"end":{"line":74,"column":5}}},"3":{"name":"(anonymous_9)","decl":{"start":{"line":56,"column":10},"end":{"line":56,"column":11}},"loc":{"start":{"line":56,"column":70},"end":{"line":72,"column":11}}}},"branchMap":{"0":{"loc":{"start":{"line":31,"column":8},"end":{"line":41,"column":9}},"type":"if","locations":[{"start":{"line":31,"column":8},"end":{"line":41,"column":9}}]},"1":{"loc":{"start":{"line":49,"column":6},"end":{"line":73,"column":7}},"type":"if","locations":[{"start":{"line":49,"column":6},"end":{"line":73,"column":7}},{"start":{"line":52,"column":11},"end":{"line":73,"column":7}}]},"2":{"loc":{"start":{"line":59,"column":12},"end":{"line":67,"column":13}},"type":"if","locations":[{"start":{"line":59,"column":12},"end":{"line":67,"column":13}},{"start":{"line":61,"column":19},"end":{"line":67,"column":13}}]},"3":{"loc":{"start":{"line":61,"column":19},"end":{"line":67,"column":13}},"type":"if","locations":[{"start":{"line":61,"column":19},"end":{"line":67,"column":13}}]},"4":{"loc":{"start":{"line":63,"column":16},"end":{"line":65,"column":17}},"type":"if","locations":[{"start":{"line":63,"column":16},"end":{"line":65,"column":17}}]},"5":{"loc":{"start":{"line":63,"column":20},"end":{"line":63,"column":62}},"type":"binary-expr","locations":[{"start":{"line":63,"column":20},"end":{"line":63,"column":31}},{"start":{"line":63,"column":35},"end":{"line":63,"column":62}}]}},"s":{"0":1,"1":1,"2":14,"3":14,"4":14,"5":14,"6":14,"7":14,"8":14,"9":14,"10":0,"11":3,"12":3,"13":3,"14":3,"15":0,"16":3,"17":3,"18":3,"19":3,"20":0,"21":3,"22":3,"23":3,"24":0,"25":3,"26":3,"27":3,"28":3,"29":1},"f":{"0":14,"1":3,"2":3,"3":3},"b":{"0":[14],"1":[0,3],"2":[0,3],"3":[3],"4":[0],"5":[3,3]}}
,"C:\\Users\\liamg\\OneDrive\\Desktop\\CSE 187\\Assignment 1\\Assignment1\\src\\auth\\expressAuth.ts": {"path":"C:\\Users\\liamg\\OneDrive\\Desktop\\CSE 187\\Assignment 1\\Assignment1\\src\\auth\\expressAuth.ts","statementMap":{"0":{"start":{"line":13,"column":0},"end":{"line":13,"column":42}},"1":{"start":{"line":21,"column":2},"end":{"line":21,"column":72}},"2":{"start":{"line":16,"column":0},"end":{"line":16,"column":16}}},"fnMap":{"0":{"name":"expressAuthentication","decl":{"start":{"line":16,"column":16},"end":{"line":16,"column":37}},"loc":{"start":{"line":19,"column":19},"end":{"line":22,"column":1}}}},"branchMap":{},"s":{"0":1,"1":3,"2":1},"f":{"0":3},"b":{}}
,"C:\\Users\\liamg\\OneDrive\\Desktop\\CSE 187\\Assignment 1\\Assignment1\\src\\member\\memberController.ts": {"path":"C:\\Users\\liamg\\OneDrive\\Desktop\\CSE 187\\Assignment 1\\Assignment1\\src\\member\\memberController.ts","statementMap":{"0":{"start":{"line":1,"column":0},"end":{"line":1,"column":null}},"1":{"start":{"line":15,"column":0},"end":{"line":15,"column":35}},"2":{"start":{"line":17,"column":0},"end":{"line":17,"column":48}},"3":{"start":{"line":21,"column":7},"end":{"line":65,"column":null}},"4":{"start":{"line":22,"column":28},"end":{"line":22,"column":47}},"5":{"start":{"line":29,"column":8},"end":{"line":29,"column":null}},"6":{"start":{"line":30,"column":8},"end":{"line":30,"column":null}},"7":{"start":{"line":31,"column":22},"end":{"line":31,"column":58}},"8":{"start":{"line":32,"column":8},"end":{"line":45,"column":9}},"9":{"start":{"line":33,"column":12},"end":{"line":33,"column":32}},"10":{"start":{"line":34,"column":12},"end":{"line":34,"column":29}},"11":{"start":{"line":36,"column":12},"end":{"line":44,"column":13}},"12":{"start":{"line":37,"column":38},"end":{"line":37,"column":77}},"13":{"start":{"line":38,"column":16},"end":{"line":38,"column":46}},"14":{"start":{"line":39,"column":16},"end":{"line":39,"column":36}},"15":{"start":{"line":40,"column":16},"end":{"line":40,"column":37}},"16":{"start":{"line":42,"column":16},"end":{"line":42,"column":36}},"17":{"start":{"line":43,"column":16},"end":{"line":43,"column":33}},"18":{"start":{"line":52,"column":6},"end":{"line":63,"column":7}},"19":{"start":{"line":53,"column":24},"end":{"line":53,"column":64}},"20":{"start":{"line":54,"column":8},"end":{"line":54,"column":28}},"21":{"start":{"line":55,"column":8},"end":{"line":55,"column":23}},"22":{"start":{"line":57,"column":8},"end":{"line":57,"column":28}},"23":{"start":{"line":58,"column":8},"end":{"line":62,"column":9}},"24":{"start":{"line":59,"column":10},"end":{"line":59,"column":41}},"25":{"start":{"line":61,"column":10},"end":{"line":61,"column":56}},"26":{"start":{"line":21,"column":13},"end":{"line":21,"column":29}},"27":{"start":{"line":28,"column":17},"end":{"line":46,"column":null}},"28":{"start":{"line":51,"column":17},"end":{"line":64,"column":null}},"29":{"start":{"line":21,"column":13},"end":{"line":65,"column":null}}},"fnMap":{"0":{"name":"(anonymous_10)","decl":{"start":{"line":28,"column":11},"end":{"line":28,"column":16}},"loc":{"start":{"line":28,"column":89},"end":{"line":46,"column":5}}},"1":{"name":"(anonymous_11)","decl":{"start":{"line":51,"column":11},"end":{"line":51,"column":16}},"loc":{"start":{"line":51,"column":30},"end":{"line":64,"column":5}}}},"branchMap":{"0":{"loc":{"start":{"line":32,"column":8},"end":{"line":45,"column":9}},"type":"if","locations":[{"start":{"line":32,"column":8},"end":{"line":45,"column":9}},{"start":{"line":35,"column":15},"end":{"line":45,"column":9}}]},"1":{"loc":{"start":{"line":58,"column":8},"end":{"line":62,"column":9}},"type":"if","locations":[{"start":{"line":58,"column":8},"end":{"line":62,"column":9}},{"start":{"line":60,"column":15},"end":{"line":62,"column":9}}]}},"s":{"0":1,"1":1,"2":1,"3":1,"4":3,"5":3,"6":3,"7":3,"8":3,"9":0,"10":0,"11":3,"12":3,"13":3,"14":3,"15":3,"16":0,"17":0,"18":0,"19":0,"20":0,"21":0,"22":0,"23":0,"24":0,"25":0,"26":1,"27":1,"28":1,"29":1},"f":{"0":3,"1":0},"b":{"0":[0,3],"1":[0,0]}}
,"C:\\Users\\liamg\\OneDrive\\Desktop\\CSE 187\\Assignment 1\\Assignment1\\src\\member\\memberService.ts": {"path":"C:\\Users\\liamg\\OneDrive\\Desktop\\CSE 187\\Assignment 1\\Assignment1\\src\\member\\memberService.ts","statementMap":{"0":{"start":{"line":1,"column":0},"end":{"line":1,"column":29}},"1":{"start":{"line":6,"column":21},"end":{"line":6,"column":76}},"2":{"start":{"line":7,"column":20},"end":{"line":10,"column":10}},"3":{"start":{"line":11,"column":25},"end":{"line":11,"column":48}},"4":{"start":{"line":12,"column":8},"end":{"line":12,"column":54}},"5":{"start":{"line":16,"column":8},"end":{"line":16,"column":null}},"6":{"start":{"line":17,"column":8},"end":{"line":17,"column":null}},"7":{"start":{"line":19,"column":23},"end":{"line":19,"column":183}},"8":{"start":{"line":20,"column":22},"end":{"line":23,"column":10}},"9":{"start":{"line":24,"column":25},"end":{"line":24,"column":48}},"10":{"start":{"line":25,"column":8},"end":{"line":25,"column":null}},"11":{"start":{"line":26,"column":8},"end":{"line":28,"column":9}},"12":{"start":{"line":27,"column":12},"end":{"line":27,"column":55}},"13":{"start":{"line":29,"column":8},"end":{"line":29,"column":23}},"14":{"start":{"line":33,"column":28},"end":{"line":33,"column":74}},"15":{"start":{"line":34,"column":25},"end":{"line":34,"column":54}},"16":{"start":{"line":35,"column":8},"end":{"line":35,"column":65}},"17":{"start":{"line":35,"column":32},"end":{"line":35,"column":62}},"18":{"start":{"line":4,"column":0},"end":{"line":4,"column":13}}},"fnMap":{"0":{"name":"(anonymous_0)","decl":{"start":{"line":5,"column":11},"end":{"line":5,"column":16}},"loc":{"start":{"line":5,"column":35},"end":{"line":13,"column":5}}},"1":{"name":"(anonymous_1)","decl":{"start":{"line":15,"column":11},"end":{"line":15,"column":16}},"loc":{"start":{"line":15,"column":38},"end":{"line":30,"column":5}}},"2":{"name":"(anonymous_2)","decl":{"start":{"line":32,"column":11},"end":{"line":32,"column":16}},"loc":{"start":{"line":32,"column":30},"end":{"line":36,"column":5}}},"3":{"name":"(anonymous_3)","decl":{"start":{"line":35,"column":24},"end":{"line":35,"column":27}},"loc":{"start":{"line":35,"column":32},"end":{"line":35,"column":62}}}},"branchMap":{"0":{"loc":{"start":{"line":12,"column":15},"end":{"line":12,"column":53}},"type":"cond-expr","locations":[{"start":{"line":12,"column":34},"end":{"line":12,"column":41}},{"start":{"line":12,"column":44},"end":{"line":12,"column":53}}]},"1":{"loc":{"start":{"line":26,"column":8},"end":{"line":28,"column":9}},"type":"if","locations":[{"start":{"line":26,"column":8},"end":{"line":28,"column":9}}]}},"s":{"0":1,"1":3,"2":3,"3":3,"4":3,"5":3,"6":3,"7":3,"8":3,"9":3,"10":3,"11":3,"12":0,"13":3,"14":0,"15":0,"16":0,"17":0,"18":1},"f":{"0":3,"1":3,"2":0,"3":0},"b":{"0":[0,3],"1":[0]}}
}
