TN:
SF:src\app.ts
FN:34,(anonymous_7)
FN:36,(anonymous_8)
FN:44,(anonymous_9)
FNF:3
FNH:0
FNDA:0,(anonymous_7)
FNDA:0,(anonymous_8)
FNDA:0,(anonymous_9)
DA:17,1
DA:24,1
DA:25,1
DA:27,1
DA:29,1
DA:30,1
DA:31,1
DA:32,1
DA:34,1
DA:35,0
DA:36,0
DA:40,1
DA:41,1
DA:42,1
DA:44,1
DA:45,0
DA:51,1
DA:53,1
LF:18
LH:15
BRF:0
BRH:0
end_of_record
TN:
SF:src\db.ts
FNF:0
FNH:0
DA:17,1
DA:19,1
DA:27,1
LF:3
LH:3
BRF:0
BRH:0
end_of_record
TN:
SF:src\auth\authController.ts
FN:27,(anonymous_4)
FN:31,(anonymous_5)
FNF:2
FNH:2
FNDA:14,(anonymous_4)
FNDA:14,(anonymous_5)
DA:12,1
DA:21,1
DA:24,1
DA:27,1
DA:30,14
DA:32,14
DA:33,0
DA:35,14
LF:8
LH:7
BRDA:32,0,0,0
BRF:1
BRH:0
end_of_record
TN:
SF:src\auth\authService.ts
FN:20,(anonymous_6)
FN:45,(anonymous_7)
FN:48,(anonymous_8)
FN:56,(anonymous_9)
FNF:4
FNH:4
FNDA:14,(anonymous_6)
FNDA:3,(anonymous_7)
FNDA:3,(anonymous_8)
FNDA:3,(anonymous_9)
DA:12,1
DA:17,1
DA:19,1
DA:22,14
DA:26,14
DA:30,14
DA:31,14
DA:32,14
DA:33,14
DA:34,14
DA:40,14
DA:42,0
DA:46,3
DA:47,3
DA:48,3
DA:49,3
DA:50,0
DA:53,3
DA:54,3
DA:58,3
DA:59,3
DA:60,0
DA:61,3
DA:62,3
DA:63,3
DA:64,0
DA:68,3
DA:69,3
DA:70,3
DA:71,3
LF:30
LH:26
BRDA:31,0,0,14
BRDA:49,1,0,0
BRDA:49,1,1,3
BRDA:59,2,0,0
BRDA:59,2,1,3
BRDA:61,3,0,3
BRDA:63,4,0,0
BRDA:63,5,0,3
BRDA:63,5,1,3
BRF:9
BRH:6
end_of_record
TN:
SF:src\auth\expressAuth.ts
FN:16,expressAuthentication
FNF:1
FNH:1
FNDA:3,expressAuthentication
DA:13,1
DA:16,1
DA:21,3
LF:3
LH:3
BRF:0
BRH:0
end_of_record
TN:
SF:src\member\memberController.ts
FN:28,(anonymous_10)
FN:51,(anonymous_11)
FNF:2
FNH:1
FNDA:3,(anonymous_10)
FNDA:0,(anonymous_11)
DA:1,1
DA:15,1
DA:17,1
DA:21,1
DA:22,3
DA:28,1
DA:29,3
DA:30,3
DA:31,3
DA:32,3
DA:33,0
DA:34,0
DA:36,3
DA:37,3
DA:38,3
DA:39,3
DA:40,3
DA:42,0
DA:43,0
DA:51,1
DA:52,0
DA:53,0
DA:54,0
DA:55,0
DA:57,0
DA:58,0
DA:59,0
DA:61,0
LF:28
LH:16
BRDA:32,0,0,0
BRDA:32,0,1,3
BRDA:58,1,0,0
BRDA:58,1,1,0
BRF:4
BRH:1
end_of_record
TN:
SF:src\member\memberService.ts
FN:5,(anonymous_0)
FN:15,(anonymous_1)
FN:32,(anonymous_2)
FN:35,(anonymous_3)
FNF:4
FNH:2
FNDA:3,(anonymous_0)
FNDA:3,(anonymous_1)
FNDA:0,(anonymous_2)
FNDA:0,(anonymous_3)
DA:1,1
DA:4,1
DA:6,3
DA:7,3
DA:11,3
DA:12,3
DA:16,3
DA:17,3
DA:19,3
DA:20,3
DA:24,3
DA:25,3
DA:26,3
DA:27,0
DA:29,3
DA:33,0
DA:34,0
DA:35,0
LF:18
LH:14
BRDA:12,0,0,0
BRDA:12,0,1,3
BRDA:26,1,0,0
BRF:3
BRH:1
end_of_record
